<?xml version="1.0" encoding="UTF-8"?>
<!-- Generated by org.testng.reporters.JUnitReportReporter -->
<testsuite hostname="DESKTOP-U8GE9MR" failures="0" tests="1" name="JaiHind.ParameterTest" time="0.023" errors="0" timestamp="2023-04-03T10:13:53 IST" skipped="0">
  <testcase classname="JaiHind.ParameterTest" name="test" time="0.023"/>
  <system-out/>
</testsuite> <!-- JaiHind.ParameterTest -->
